<?xml version="1.0" encoding="UTF-8"?>
<!-- Generated by org.testng.reporters.JUnitXMLReporter -->
<testsuite hostname="SW-LP07986.local" ignored="0" name="Test" tests="3" failures="0" timestamp="01 Dec 2020 09:46:13 GMT" time="52.251" errors="0">
  <testcase name="invalidLogin" time="21.508" classname="android.LoginTest"/>
  <testcase name="validLoginTest" time="15.262" classname="android.LoginTest"/>
  <testcase name="validSuccessfulLogoutTest" time="5.563" classname="android.LoginTest"/>
</testsuite> <!-- Test -->
