<?xml version="1.0" encoding="UTF-8"?>
<!-- Generated by org.testng.reporters.JUnitXMLReporter -->
<testsuite hostname="SW-LP07986.local" ignored="0" name="Default test" tests="3" failures="0" timestamp="01 Dec 2020 09:39:23 GMT" time="49.748" errors="0">
  <testcase name="invalidLogin" time="22.005" classname="android.LoginTest"/>
  <testcase name="validLoginTest" time="13.556" classname="android.LoginTest"/>
  <testcase name="validSuccessfulLogoutTest" time="5.513" classname="android.LoginTest"/>
</testsuite> <!-- Default test -->
