<?xml version="1.0" encoding="UTF-8"?>
<testng-results skipped="0" failed="0" ignored="0" total="3" passed="3">
  <reporter-output>
  </reporter-output>
  <suite name="Suite" duration-ms="52251" started-at="2020-12-01T09:45:21Z" finished-at="2020-12-01T09:46:13Z">
    <groups>
    </groups>
    <test name="Test" duration-ms="52251" started-at="2020-12-01T09:45:21Z" finished-at="2020-12-01T09:46:13Z">
      <class name="android.LoginTest">
        <test-method status="PASS" signature="setUpBeforeClass()[pri:0, instance:android.LoginTest@56ac3a89]" name="setUpBeforeClass" is-config="true" duration-ms="9814" started-at="2020-12-01T09:45:21Z" finished-at="2020-12-01T09:45:30Z">
          <reporter-output>
          </reporter-output>
        </test-method> <!-- setUpBeforeClass -->
        <test-method status="PASS" signature="invalidLogin()[pri:1, instance:android.LoginTest@56ac3a89]" name="invalidLogin" duration-ms="21508" started-at="2020-12-01T09:45:30Z" finished-at="2020-12-01T09:45:52Z">
          <reporter-output>
          </reporter-output>
        </test-method> <!-- invalidLogin -->
        <test-method status="PASS" signature="setUp(java.lang.reflect.Method)[pri:0, instance:android.LoginTest@56ac3a89]" name="setUp" is-config="true" duration-ms="0" started-at="2020-12-01T09:45:30Z" finished-at="2020-12-01T09:45:30Z">
          <params>
            <param index="0">
              <value>
                <![CDATA[public void android.LoginTest.invalidLogin() throws java.lang.Exception]]>
              </value>
            </param>
          </params>
          <reporter-output>
          </reporter-output>
        </test-method> <!-- setUp -->
        <test-method status="PASS" signature="setUp(java.lang.reflect.Method)[pri:0, instance:android.LoginTest@56ac3a89]" name="setUp" is-config="true" duration-ms="0" started-at="2020-12-01T09:45:52Z" finished-at="2020-12-01T09:45:52Z">
          <params>
            <param index="0">
              <value>
                <![CDATA[public void android.LoginTest.validLoginTest() throws java.lang.Exception]]>
              </value>
            </param>
          </params>
          <reporter-output>
          </reporter-output>
        </test-method> <!-- setUp -->
        <test-method status="PASS" signature="validLoginTest()[pri:2, instance:android.LoginTest@56ac3a89]" name="validLoginTest" duration-ms="15262" started-at="2020-12-01T09:45:52Z" finished-at="2020-12-01T09:46:07Z">
          <reporter-output>
          </reporter-output>
        </test-method> <!-- validLoginTest -->
        <test-method status="PASS" signature="setUp(java.lang.reflect.Method)[pri:0, instance:android.LoginTest@56ac3a89]" name="setUp" is-config="true" duration-ms="0" started-at="2020-12-01T09:46:07Z" finished-at="2020-12-01T09:46:07Z">
          <params>
            <param index="0">
              <value>
                <![CDATA[public void android.LoginTest.validSuccessfulLogoutTest() throws java.lang.Exception]]>
              </value>
            </param>
          </params>
          <reporter-output>
          </reporter-output>
        </test-method> <!-- setUp -->
        <test-method status="PASS" signature="validSuccessfulLogoutTest()[pri:3, instance:android.LoginTest@56ac3a89]" name="validSuccessfulLogoutTest" duration-ms="5563" started-at="2020-12-01T09:46:07Z" finished-at="2020-12-01T09:46:13Z">
          <reporter-output>
          </reporter-output>
        </test-method> <!-- validSuccessfulLogoutTest -->
        <test-method status="PASS" signature="tearDown()[pri:0, instance:android.LoginTest@56ac3a89]" name="tearDown" is-config="true" duration-ms="83" started-at="2020-12-01T09:46:13Z" finished-at="2020-12-01T09:46:13Z">
          <reporter-output>
          </reporter-output>
        </test-method> <!-- tearDown -->
      </class> <!-- android.LoginTest -->
    </test> <!-- Test -->
  </suite> <!-- Suite -->
</testng-results>
