<?xml version="1.0" encoding="UTF-8"?>
<testng-results skipped="0" failed="1" ignored="0" total="3" passed="2">
  <reporter-output>
  </reporter-output>
  <suite name="Default suite" duration-ms="46226" started-at="2020-12-02T05:10:21Z" finished-at="2020-12-02T05:11:08Z">
    <groups>
    </groups>
    <test name="Default test" duration-ms="46226" started-at="2020-12-02T05:10:21Z" finished-at="2020-12-02T05:11:08Z">
      <class name="android.LoginTest">
        <test-method status="PASS" signature="setUpBeforeClass()[pri:0, instance:android.LoginTest@490ab905]" name="setUpBeforeClass" is-config="true" duration-ms="9432" started-at="2020-12-02T05:10:21Z" finished-at="2020-12-02T05:10:31Z">
          <reporter-output>
          </reporter-output>
        </test-method> <!-- setUpBeforeClass -->
        <test-method status="PASS" signature="setUp(java.lang.reflect.Method)[pri:0, instance:android.LoginTest@490ab905]" name="setUp" is-config="true" duration-ms="0" started-at="2020-12-02T05:10:31Z" finished-at="2020-12-02T05:10:31Z">
          <params>
            <param index="0">
              <value>
                <![CDATA[public void android.LoginTest.invalidLogin() throws java.lang.Exception]]>
              </value>
            </param>
          </params>
          <reporter-output>
          </reporter-output>
        </test-method> <!-- setUp -->
        <test-method status="FAIL" signature="invalidLogin()[pri:1, instance:android.LoginTest@490ab905]" name="invalidLogin" duration-ms="17036" started-at="2020-12-02T05:10:31Z" finished-at="2020-12-02T05:10:48Z">
          <exception class="java.lang.AssertionError">
            <message>
              <![CDATA[expected:<false> but was:<true>]]>
            </message>
            <full-stacktrace>
              <![CDATA[java.lang.AssertionError: expected:<false> but was:<true>
at org.testng.AssertJUnit.fail(AssertJUnit.java:59)
at org.testng.AssertJUnit.failNotEquals(AssertJUnit.java:364)
at org.testng.AssertJUnit.assertEquals(AssertJUnit.java:80)
at org.testng.AssertJUnit.assertEquals(AssertJUnit.java:185)
at org.testng.AssertJUnit.assertEquals(AssertJUnit.java:192)
at android.LoginTest.invalidLogin(LoginTest.java:78)
at sun.reflect.NativeMethodAccessorImpl.invoke0(Native Method)
at sun.reflect.NativeMethodAccessorImpl.invoke(NativeMethodAccessorImpl.java:62)
at sun.reflect.DelegatingMethodAccessorImpl.invoke(DelegatingMethodAccessorImpl.java:43)
at java.lang.reflect.Method.invoke(Method.java:498)
at org.testng.internal.MethodInvocationHelper.invokeMethod(MethodInvocationHelper.java:124)
at org.testng.internal.Invoker.invokeMethod(Invoker.java:583)
at org.testng.internal.Invoker.invokeTestMethod(Invoker.java:719)
at org.testng.internal.Invoker.invokeTestMethods(Invoker.java:989)
at org.testng.internal.TestMethodWorker.invokeTestMethods(TestMethodWorker.java:125)
at org.testng.internal.TestMethodWorker.run(TestMethodWorker.java:109)
at org.testng.TestRunner.privateRun(TestRunner.java:648)
at org.testng.TestRunner.run(TestRunner.java:505)
at org.testng.SuiteRunner.runTest(SuiteRunner.java:455)
at org.testng.SuiteRunner.runSequentially(SuiteRunner.java:450)
at org.testng.SuiteRunner.privateRun(SuiteRunner.java:415)
at org.testng.SuiteRunner.run(SuiteRunner.java:364)
at org.testng.SuiteRunnerWorker.runSuite(SuiteRunnerWorker.java:52)
at org.testng.SuiteRunnerWorker.run(SuiteRunnerWorker.java:84)
at org.testng.TestNG.runSuitesSequentially(TestNG.java:1208)
at org.testng.TestNG.runSuitesLocally(TestNG.java:1137)
at org.testng.TestNG.runSuites(TestNG.java:1049)
at org.testng.TestNG.run(TestNG.java:1017)
at org.testng.remote.AbstractRemoteTestNG.run(AbstractRemoteTestNG.java:115)
at org.testng.remote.RemoteTestNG.initAndRun(RemoteTestNG.java:251)
at org.testng.remote.RemoteTestNG.main(RemoteTestNG.java:77)
]]>
            </full-stacktrace>
          </exception> <!-- java.lang.AssertionError -->
          <reporter-output>
          </reporter-output>
        </test-method> <!-- invalidLogin -->
        <test-method status="PASS" signature="screenShot(org.testng.ITestResult)[pri:0, instance:android.LoginTest@490ab905]" name="screenShot" is-config="true" duration-ms="339" started-at="2020-12-02T05:10:48Z" finished-at="2020-12-02T05:10:48Z">
          <params>
            <param index="0">
              <value>
                <![CDATA[[TestResult name=invalidLogin status=FAILURE method=LoginTest.invalidLogin()[pri:1, instance:android.LoginTest@490ab905] output={null}]]]>
              </value>
            </param>
          </params>
          <reporter-output>
          </reporter-output>
        </test-method> <!-- screenShot -->
        <test-method status="PASS" signature="setUp(java.lang.reflect.Method)[pri:0, instance:android.LoginTest@490ab905]" name="setUp" is-config="true" duration-ms="0" started-at="2020-12-02T05:10:48Z" finished-at="2020-12-02T05:10:48Z">
          <params>
            <param index="0">
              <value>
                <![CDATA[public void android.LoginTest.validLoginTest() throws java.lang.Exception]]>
              </value>
            </param>
          </params>
          <reporter-output>
          </reporter-output>
        </test-method> <!-- setUp -->
        <test-method status="PASS" signature="validLoginTest()[pri:2, instance:android.LoginTest@490ab905]" name="validLoginTest" duration-ms="13750" started-at="2020-12-02T05:10:48Z" finished-at="2020-12-02T05:11:02Z">
          <reporter-output>
          </reporter-output>
        </test-method> <!-- validLoginTest -->
        <test-method status="PASS" signature="screenShot(org.testng.ITestResult)[pri:0, instance:android.LoginTest@490ab905]" name="screenShot" is-config="true" duration-ms="0" started-at="2020-12-02T05:11:02Z" finished-at="2020-12-02T05:11:02Z">
          <params>
            <param index="0">
              <value>
                <![CDATA[[TestResult name=validLoginTest status=SUCCESS method=LoginTest.validLoginTest()[pri:2, instance:android.LoginTest@490ab905] output={null}]]]>
              </value>
            </param>
          </params>
          <reporter-output>
          </reporter-output>
        </test-method> <!-- screenShot -->
        <test-method status="PASS" signature="setUp(java.lang.reflect.Method)[pri:0, instance:android.LoginTest@490ab905]" name="setUp" is-config="true" duration-ms="0" started-at="2020-12-02T05:11:02Z" finished-at="2020-12-02T05:11:02Z">
          <params>
            <param index="0">
              <value>
                <![CDATA[public void android.LoginTest.validSuccessfulLogoutTest() throws java.lang.Exception]]>
              </value>
            </param>
          </params>
          <reporter-output>
          </reporter-output>
        </test-method> <!-- setUp -->
        <test-method status="PASS" signature="validSuccessfulLogoutTest()[pri:3, instance:android.LoginTest@490ab905]" name="validSuccessfulLogoutTest" duration-ms="5528" started-at="2020-12-02T05:11:02Z" depends-on-methods="android.LoginTest.validLoginTest" finished-at="2020-12-02T05:11:08Z">
          <reporter-output>
          </reporter-output>
        </test-method> <!-- validSuccessfulLogoutTest -->
        <test-method status="PASS" signature="tearDown()[pri:0, instance:android.LoginTest@490ab905]" name="tearDown" is-config="true" duration-ms="123" started-at="2020-12-02T05:11:08Z" finished-at="2020-12-02T05:11:08Z">
          <reporter-output>
          </reporter-output>
        </test-method> <!-- tearDown -->
        <test-method status="PASS" signature="screenShot(org.testng.ITestResult)[pri:0, instance:android.LoginTest@490ab905]" name="screenShot" is-config="true" duration-ms="0" started-at="2020-12-02T05:11:08Z" finished-at="2020-12-02T05:11:08Z">
          <params>
            <param index="0">
              <value>
                <![CDATA[[TestResult name=validSuccessfulLogoutTest status=SUCCESS method=LoginTest.validSuccessfulLogoutTest()[pri:3, instance:android.LoginTest@490ab905] output={null}]]]>
              </value>
            </param>
          </params>
          <reporter-output>
          </reporter-output>
        </test-method> <!-- screenShot -->
      </class> <!-- android.LoginTest -->
    </test> <!-- Default test -->
  </suite> <!-- Default suite -->
</testng-results>
